#
# A fatal error has been detected by the Java Runtime Environment:
#
#  EXCEPTION_ACCESS_VIOLATION (0xc0000005) at pc=0x5866b4c9, pid=8708, tid=0x000011fc
#
# JRE version: Java(TM) SE Runtime Environment (8.0_144-b01) (build 1.8.0_144-b01)
# Java VM: Java HotSpot(TM) Client VM (25.144-b01 mixed mode windows-x86 )
# Problematic frame:
# V  [jvm.dll+0xbb4c9]
#
# Failed to write core dump. Minidumps are not enabled by default on client versions of Windows
#
# If you would like to submit a bug report, please visit:
#   http://bugreport.java.com/bugreport/crash.jsp
#

---------------  T H R E A D  ---------------

Current thread (0x28590400):  VMThread [stack: 0x28790000,0x287e0000] [id=4604]

siginfo: ExceptionCode=0xc0000005, reading address 0x00000060

Registers:
EAX=0x00000000, EBX=0x278cf320, ECX=0x00000000, EDX=0x00000000
ESP=0x287ded7c, EBP=0x287ded7c, ESI=0x10000000, EDI=0x00000000
EIP=0x5866b4c9, EFLAGS=0x00010293

Top of Stack: (sp=0x287ded7c)
0x287ded7c:   287ded90 5866e360 10000000 15446e80
0x287ded8c:   15446e70 287deda8 58678522 00000003
0x287ded9c:   13281d28 000003fe 00000003 287dedb8
0x287dedac:   5867854d 278cf320 15446e70 287dedd8
0x287dedbc:   58765d21 15446e70 2a7a18f0 2a7a18f0
0x287dedcc:   00000000 2a775fb0 2a7a18f0 287dede4
0x287deddc:   58765f1c 2a7a18f0 287dee00 5870b998
0x287dedec:   2a7a18f0 2a5f1000 5891b4f4 00000000 

Instructions: (pc=0x5866b4c9)
0x5866b4a9:   ff 75 06 33 c0 5d c2 04 00 b8 01 00 00 00 5d c2
0x5866b4b9:   04 00 83 e0 07 83 f8 05 74 1e 8b 55 08 8b 52 04
0x5866b4c9:   8b 52 60 83 e2 07 80 fa 05 74 13 83 f8 01 75 0e
0x5866b4d9:   f7 c1 80 ff ff ff 75 06 32 c0 5d c2 04 00 b0 01 


Register to memory mapping:

EAX=0x00000000 is an unknown value
EBX=0x278cf320 is pointing into metadata
ECX=0x00000000 is an unknown value
EDX=0x00000000 is an unknown value
ESP=0x287ded7c is an unknown value
EBP=0x287ded7c is an unknown value
ESI=0x10000000 is pointing into object: 0x0ffb0078
[I 
 - klass: {type array int}
 - length: 113215
EDI=0x00000000 is an unknown value


Stack: [0x28790000,0x287e0000],  sp=0x287ded7c,  free space=315k
Native frames: (J=compiled Java code, j=interpreted, Vv=VM code, C=native code)
V  [jvm.dll+0xbb4c9]
V  [jvm.dll+0xbe360]
V  [jvm.dll+0xc8522]
V  [jvm.dll+0xc854d]
V  [jvm.dll+0x1b5d21]
V  [jvm.dll+0x1b5f1c]
V  [jvm.dll+0x15b998]
V  [jvm.dll+0x17aad6]
V  [jvm.dll+0x17961a]
V  [jvm.dll+0x987c0]
V  [jvm.dll+0x99ab1]
V  [jvm.dll+0x9b860]
V  [jvm.dll+0x9bcc9]
V  [jvm.dll+0x9aa7f]
V  [jvm.dll+0xa6d22]
V  [jvm.dll+0x99683]
V  [jvm.dll+0x936b5]
V  [jvm.dll+0x1b9146]
V  [jvm.dll+0x1834eb]
V  [jvm.dll+0x1828f1]
V  [jvm.dll+0x182d07]
V  [jvm.dll+0x182f02]
V  [jvm.dll+0x1c2ec6]
C  [msvcr100.dll+0x5c556]
C  [msvcr100.dll+0x5c600]
C  [KERNEL32.DLL+0x18654]
C  [ntdll.dll+0x64a77]
C  [ntdll.dll+0x64a47]

VM_Operation (0x29c5dcb8): GenCollectForAllocation, mode: safepoint, requested by thread 0x2a5f2400


---------------  P R O C E S S  ---------------

Java Threads: ( => current thread )
  0x2a5f1000 JavaThread "EventThread COM4" [_thread_blocked, id=11424, stack(0x283b0000,0x28400000)]
  0x2a5ef800 JavaThread "DestroyJavaVM" [_thread_blocked, id=160, stack(0x04fa0000,0x04ff0000)]
  0x2a5f0400 JavaThread "TimerQueue" daemon [_thread_blocked, id=14480, stack(0x2b7f0000,0x2b840000)]
  0x2a5f2400 JavaThread "AWT-EventQueue-0" [_thread_blocked, id=6148, stack(0x29c10000,0x29c60000)]
  0x2a5f0c00 JavaThread "AWT-Shutdown" [_thread_blocked, id=11416, stack(0x29b80000,0x29bd0000)]
  0x2a5f1c00 JavaThread "Batik CleanerThread" daemon [_thread_blocked, id=3216, stack(0x29860000,0x298b0000)]
  0x2a77f000 JavaThread "Timer-0" [_thread_blocked, id=12116, stack(0x2b410000,0x2b460000)]
  0x2a77e400 JavaThread "JmDNS(192-168-2-101.local.).State.Timer" daemon [_thread_blocked, id=11184, stack(0x2b2f0000,0x2b340000)]
  0x2a794400 JavaThread "JmDNS(192-168-2-101.local.).Timer" daemon [_thread_blocked, id=10736, stack(0x2b260000,0x2b2b0000)]
  0x2a783c00 JavaThread "SocketListener(192-168-2-101.local.)" daemon [_thread_in_native, id=12744, stack(0x2b1d0000,0x2b220000)]
  0x2a76d000 JavaThread "Multihomed mDNS.Timer" daemon [_thread_blocked, id=1476, stack(0x2a470000,0x2a4c0000)]
  0x2a76c400 JavaThread "cc.arduino.packages.discoverers.serial.SerialBoardsLister" [_thread_blocked, id=9644, stack(0x29570000,0x295c0000)]
  0x29314800 JavaThread "AWT-Windows" daemon [_thread_in_native, id=13184, stack(0x29600000,0x29650000)]
  0x29313000 JavaThread "Java2D Disposer" daemon [_thread_blocked, id=11524, stack(0x294e0000,0x29530000)]
  0x285c8800 JavaThread "Service Thread" daemon [_thread_blocked, id=10876, stack(0x28c80000,0x28cd0000)]
  0x285c1000 JavaThread "C1 CompilerThread0" daemon [_thread_blocked, id=18252, stack(0x28af0000,0x28b40000)]
  0x285bf800 JavaThread "Attach Listener" daemon [_thread_blocked, id=8172, stack(0x28a60000,0x28ab0000)]
  0x285ed400 JavaThread "Signal Dispatcher" daemon [_thread_blocked, id=1624, stack(0x289d0000,0x28a20000)]
  0x285ac400 JavaThread "Finalizer" daemon [_thread_blocked, id=4624, stack(0x288b0000,0x28900000)]
  0x28595c00 JavaThread "Reference Handler" daemon [_thread_blocked, id=188, stack(0x28820000,0x28870000)]

Other Threads:
=>0x28590400 VMThread [stack: 0x28790000,0x287e0000] [id=4604]
  0x28669800 WatcherThread [stack: 0x28d10000,0x28d60000] [id=1176]

VM state:at safepoint (normal execution)

VM Mutex/Monitor currently owned by a thread:  ([mutex/lock_event])
[0x0500d800] Threads_lock - owner thread: 0x28590400
[0x0500d938] Heap_lock - owner thread: 0x2a5f2400

Heap:
 def new generation   total 157248K, used 155210K [0x07800000, 0x122a0000, 0x122a0000)
  eden space 139776K, 100% used [0x07800000, 0x10080000, 0x10080000)
  from space 17472K,  88% used [0x11190000, 0x120a2868, 0x122a0000)
  to   space 17472K,   0% used [0x10080000, 0x10080000, 0x11190000)
 tenured generation   total 349568K, used 349540K [0x122a0000, 0x27800000, 0x27800000)
   the space 349568K,  99% used [0x122a0000, 0x277f91d0, 0x277f9200, 0x27800000)
 Metaspace       used 19450K, capacity 19899K, committed 20096K, reserved 20864K

Card table byte_map: [0x07690000,0x077a0000] byte_map_base: 0x07654000

Polling page: 0x04ff0000

CodeCache: size=32768Kb used=2139Kb max_used=4205Kb free=30628Kb
 bounds [0x05610000, 0x05a30000, 0x07610000]
 total_blobs=1324 nmethods=1041 adapters=211
 compilation: enabled

Compilation events (10 events):
Event: 10004.017 Thread 0x285c1000 18688  s          java.io.ByteArrayOutputStream::write (32 bytes)
Event: 10004.018 Thread 0x285c1000 nmethod 18688 0x05739f88 code [0x0573a090, 0x0573a2bc]
Event: 10004.019 Thread 0x285c1000 18689             java.io.ByteArrayOutputStream::ensureCapacity (16 bytes)
Event: 10004.578 Thread 0x285c1000 nmethod 18689 0x057b6b08 code [0x057b6c10, 0x057b6cbc]
Event: 10545.329 Thread 0x285c1000 18690             java.util.AbstractCollection::toArray (147 bytes)
Event: 10545.331 Thread 0x285c1000 nmethod 18690 0x0585ea08 code [0x0585eba0, 0x0585efd8]
Event: 10548.092 Thread 0x285c1000 18691             java.net.URI$Parser::scan (50 bytes)
Event: 10548.093 Thread 0x285c1000 nmethod 18691 0x05865408 code [0x05865530, 0x058656f4]
Event: 10695.167 Thread 0x285c1000 18692  s          processing.app.Platform::resolveDeviceByVendorIdProductId (473 bytes)
Event: 10697.410 Thread 0x285c1000 nmethod 18692 0x058b0c08 code [0x058b1030, 0x058b2070]

GC Heap History (10 events):
Event: 10830.355 GC heap after
Heap after GC invocations=9649 (full 7450):
 def new generation   total 157248K, used 149346K [0x07800000, 0x122a0000, 0x122a0000)
  eden space 139776K,  99% used [0x07800000, 0x1007ffe8, 0x10080000)
  from space 17472K,  54% used [0x11190000, 0x11ae8908, 0x122a0000)
  to   space 17472K,   0% used [0x10080000, 0x10080000, 0x11190000)
 tenured generation   total 349568K, used 349540K [0x122a0000, 0x27800000, 0x27800000)
   the space 349568K,  99% used [0x122a0000, 0x277f91d0, 0x277f9200, 0x27800000)
 Metaspace       used 19450K, capacity 19899K, committed 20096K, reserved 20864K
}
Event: 10830.360 GC heap before
{Heap before GC invocations=9649 (full 7450):
 def new generation   total 157248K, used 155207K [0x07800000, 0x122a0000, 0x122a0000)
  eden space 139776K,  99% used [0x07800000, 0x1007fff8, 0x10080000)
  from space 17472K,  88% used [0x11190000, 0x120a1d78, 0x122a0000)
  to   space 17472K,   0% used [0x10080000, 0x10080000, 0x11190000)
 tenured generation   total 349568K, used 349540K [0x122a0000, 0x27800000, 0x27800000)
   the space 349568K,  99% used [0x122a0000, 0x277f91d0, 0x277f9200, 0x27800000)
 Metaspace       used 19450K, capacity 19899K, committed 20096K, reserved 20864K
Event: 10831.225 GC heap after
Heap after GC invocations=9650 (full 7451):
 def new generation   total 157248K, used 149337K [0x07800000, 0x122a0000, 0x122a0000)
  eden space 139776K,  99% used [0x07800000, 0x1007ffc0, 0x10080000)
  from space 17472K,  54% used [0x11190000, 0x11ae6680, 0x122a0000)
  to   space 17472K,   0% used [0x10080000, 0x10080000, 0x11190000)
 tenured generation   total 349568K, used 349540K [0x122a0000, 0x27800000, 0x27800000)
   the space 349568K,  99% used [0x122a0000, 0x277f91d0, 0x277f9200, 0x27800000)
 Metaspace       used 19450K, capacity 19899K, committed 20096K, reserved 20864K
}
Event: 10831.231 GC heap before
{Heap before GC invocations=9650 (full 7451):
 def new generation   total 157248K, used 155204K [0x07800000, 0x122a0000, 0x122a0000)
  eden space 139776K, 100% used [0x07800000, 0x10080000, 0x10080000)
  from space 17472K,  88% used [0x11190000, 0x120a1000, 0x122a0000)
  to   space 17472K,   0% used [0x10080000, 0x10080000, 0x11190000)
 tenured generation   total 349568K, used 349540K [0x122a0000, 0x27800000, 0x27800000)
   the space 349568K,  99% used [0x122a0000, 0x277f91d0, 0x277f9200, 0x27800000)
 Metaspace       used 19450K, capacity 19899K, committed 20096K, reserved 20864K
Event: 10832.163 GC heap after
Heap after GC invocations=9651 (full 7452):
 def new generation   total 157248K, used 149348K [0x07800000, 0x122a0000, 0x122a0000)
  eden space 139776K,  99% used [0x07800000, 0x1007ffc0, 0x10080000)
  from space 17472K,  54% used [0x11190000, 0x11ae9428, 0x122a0000)
  to   space 17472K,   0% used [0x10080000, 0x10080000, 0x11190000)
 tenured generation   total 349568K, used 349540K [0x122a0000, 0x27800000, 0x27800000)
   the space 349568K,  99% used [0x122a0000, 0x277f91d0, 0x277f9200, 0x27800000)
 Metaspace       used 19450K, capacity 19899K, committed 20096K, reserved 20864K
}
Event: 10832.168 GC heap before
{Heap before GC invocations=9651 (full 7452):
 def new generation   total 157248K, used 155207K [0x07800000, 0x122a0000, 0x122a0000)
  eden space 139776K, 100% used [0x07800000, 0x10080000, 0x10080000)
  from space 17472K,  88% used [0x11190000, 0x120a1e60, 0x122a0000)
  to   space 17472K,   0% used [0x10080000, 0x10080000, 0x11190000)
 tenured generation   total 349568K, used 349540K [0x122a0000, 0x27800000, 0x27800000)
   the space 349568K,  99% used [0x122a0000, 0x277f91d0, 0x277f9200, 0x27800000)
 Metaspace       used 19450K, capacity 19899K, committed 20096K, reserved 20864K
Event: 10833.031 GC heap after
Heap after GC invocations=9652 (full 7453):
 def new generation   total 157248K, used 149348K [0x07800000, 0x122a0000, 0x122a0000)
  eden space 139776K,  99% used [0x07800000, 0x1007ffc0, 0x10080000)
  from space 17472K,  54% used [0x11190000, 0x11ae9050, 0x122a0000)
  to   space 17472K,   0% used [0x10080000, 0x10080000, 0x11190000)
 tenured generation   total 349568K, used 349540K [0x122a0000, 0x27800000, 0x27800000)
   the space 349568K,  99% used [0x122a0000, 0x277f91d0, 0x277f9200, 0x27800000)
 Metaspace       used 19450K, capacity 19899K, committed 20096K, reserved 20864K
}
Event: 10833.036 GC heap before
{Heap before GC invocations=9652 (full 7453):
 def new generation   total 157248K, used 155198K [0x07800000, 0x122a0000, 0x122a0000)
  eden space 139776K, 100% used [0x07800000, 0x10080000, 0x10080000)
  from space 17472K,  88% used [0x11190000, 0x1209f9e0, 0x122a0000)
  to   space 17472K,   0% used [0x10080000, 0x10080000, 0x11190000)
 tenured generation   total 349568K, used 349540K [0x122a0000, 0x27800000, 0x27800000)
   the space 349568K,  99% used [0x122a0000, 0x277f91d0, 0x277f9200, 0x27800000)
 Metaspace       used 19450K, capacity 19899K, committed 20096K, reserved 20864K
Event: 10833.890 GC heap after
Heap after GC invocations=9653 (full 7454):
 def new generation   total 157248K, used 149348K [0x07800000, 0x122a0000, 0x122a0000)
  eden space 139776K,  99% used [0x07800000, 0x1007ffc0, 0x10080000)
  from space 17472K,  54% used [0x11190000, 0x11ae9238, 0x122a0000)
  to   space 17472K,   0% used [0x10080000, 0x10080000, 0x11190000)
 tenured generation   total 349568K, used 349540K [0x122a0000, 0x27800000, 0x27800000)
   the space 349568K,  99% used [0x122a0000, 0x277f91d0, 0x277f9200, 0x27800000)
 Metaspace       used 19450K, capacity 19899K, committed 20096K, reserved 20864K
}
Event: 10833.895 GC heap before
{Heap before GC invocations=9653 (full 7454):
 def new generation   total 157248K, used 155210K [0x07800000, 0x122a0000, 0x122a0000)
  eden space 139776K, 100% used [0x07800000, 0x10080000, 0x10080000)
  from space 17472K,  88% used [0x11190000, 0x120a2868, 0x122a0000)
  to   space 17472K,   0% used [0x10080000, 0x10080000, 0x11190000)
 tenured generation   total 349568K, used 349540K [0x122a0000, 0x27800000, 0x27800000)
   the space 349568K,  99% used [0x122a0000, 0x277f91d0, 0x277f9200, 0x27800000)
 Metaspace       used 19450K, capacity 19899K, committed 20096K, reserved 20864K

Deoptimization events (0 events):
No events

Internal exceptions (10 events):
Event: 3574.835 Thread 0x2a5f2400 Exception <a 'sun/nio/fs/WindowsException'> (0x099168b0) thrown at [C:\workspace\8-2-build-windows-i586-cygwin\jdk8u144\9417\hotspot\src\share\vm\prims\jni.cpp, line 709]
Event: 3574.836 Thread 0x2a5f2400 Exception <a 'sun/nio/fs/WindowsException'> (0x09921678) thrown at [C:\workspace\8-2-build-windows-i586-cygwin\jdk8u144\9417\hotspot\src\share\vm\prims\jni.cpp, line 709]
Event: 3574.836 Thread 0x2a5f2400 Exception <a 'sun/nio/fs/WindowsException'> (0x09921f80) thrown at [C:\workspace\8-2-build-windows-i586-cygwin\jdk8u144\9417\hotspot\src\share\vm\prims\jni.cpp, line 709]
Event: 3574.838 Thread 0x2a5f2400 Exception <a 'sun/nio/fs/WindowsException'> (0x09933320) thrown at [C:\workspace\8-2-build-windows-i586-cygwin\jdk8u144\9417\hotspot\src\share\vm\prims\jni.cpp, line 709]
Event: 3574.838 Thread 0x2a5f2400 Exception <a 'sun/nio/fs/WindowsException'> (0x09933c48) thrown at [C:\workspace\8-2-build-windows-i586-cygwin\jdk8u144\9417\hotspot\src\share\vm\prims\jni.cpp, line 709]
Event: 3574.840 Thread 0x2a5f2400 Exception <a 'sun/nio/fs/WindowsException'> (0x0993e638) thrown at [C:\workspace\8-2-build-windows-i586-cygwin\jdk8u144\9417\hotspot\src\share\vm\prims\jni.cpp, line 709]
Event: 3574.840 Thread 0x2a5f2400 Exception <a 'sun/nio/fs/WindowsException'> (0x0993eee8) thrown at [C:\workspace\8-2-build-windows-i586-cygwin\jdk8u144\9417\hotspot\src\share\vm\prims\jni.cpp, line 709]
Event: 3574.841 Thread 0x2a5f2400 Exception <a 'java/io/IOException'> (0x09942f08) thrown at [C:\workspace\8-2-build-windows-i586-cygwin\jdk8u144\9417\hotspot\src\share\vm\prims\jni.cpp, line 709]
Event: 3574.841 Thread 0x2a5f2400 Exception <a 'java/io/IOException'> (0x099434c8) thrown at [C:\workspace\8-2-build-windows-i586-cygwin\jdk8u144\9417\hotspot\src\share\vm\prims\jni.cpp, line 709]
Event: 3574.841 Thread 0x2a5f2400 Exception <a 'java/io/IOException'> (0x09943940) thrown at [C:\workspace\8-2-build-windows-i586-cygwin\jdk8u144\9417\hotspot\src\share\vm\prims\jni.cpp, line 709]

Events (10 events):
Event: 10830.355 Executing VM operation: GenCollectForAllocation done
Event: 10830.359 Executing VM operation: GenCollectForAllocation
Event: 10831.225 Executing VM operation: GenCollectForAllocation done
Event: 10831.230 Executing VM operation: GenCollectForAllocation
Event: 10832.163 Executing VM operation: GenCollectForAllocation done
Event: 10832.168 Executing VM operation: GenCollectForAllocation
Event: 10833.032 Executing VM operation: GenCollectForAllocation done
Event: 10833.036 Executing VM operation: GenCollectForAllocation
Event: 10833.890 Executing VM operation: GenCollectForAllocation done
Event: 10833.895 Executing VM operation: GenCollectForAllocation


Dynamic libraries:
0x00a10000 - 0x00a43000 	C:\Program Files (x86)\Arduino\java\bin\javaw.exe
0x77590000 - 0x7771d000 	C:\WINDOWS\SYSTEM32\ntdll.dll
0x76fe0000 - 0x770b0000 	C:\WINDOWS\System32\KERNEL32.DLL
0x74b60000 - 0x74d37000 	C:\WINDOWS\System32\KERNELBASE.dll
0x74f90000 - 0x75008000 	C:\WINDOWS\System32\ADVAPI32.dll
0x74130000 - 0x741ed000 	C:\WINDOWS\System32\msvcrt.dll
0x748d0000 - 0x74913000 	C:\WINDOWS\System32\sechost.dll
0x74340000 - 0x743fe000 	C:\WINDOWS\System32\RPCRT4.dll
0x73fb0000 - 0x73fd0000 	C:\WINDOWS\System32\SspiCli.dll
0x73fa0000 - 0x73faa000 	C:\WINDOWS\System32\CRYPTBASE.dll
0x742e0000 - 0x74337000 	C:\WINDOWS\System32\bcryptPrimitives.dll
0x773c0000 - 0x77535000 	C:\WINDOWS\System32\USER32.dll
0x74d40000 - 0x74d56000 	C:\WINDOWS\System32\win32u.dll
0x77390000 - 0x773b2000 	C:\WINDOWS\System32\GDI32.dll
0x73fd0000 - 0x7412e000 	C:\WINDOWS\System32\gdi32full.dll
0x74850000 - 0x748cc000 	C:\WINDOWS\System32\msvcp_win.dll
0x74a40000 - 0x74b57000 	C:\WINDOWS\System32\ucrtbase.dll
0x72ad0000 - 0x72ce1000 	C:\WINDOWS\WinSxS\x86_microsoft.windows.common-controls_6595b64144ccf1df_6.0.16299.248_none_5d7c08dba7db7edd\COMCTL32.dll
0x770b0000 - 0x772f6000 	C:\WINDOWS\System32\combase.dll
0x74df0000 - 0x74e15000 	C:\WINDOWS\System32\IMM32.DLL
0x73ef0000 - 0x73f99000 	C:\Windows\System32\tmumh\20019\AddOn\7.30.0.1081\TmUmEvt.dll
0x77380000 - 0x77386000 	C:\WINDOWS\System32\PSAPI.DLL
0x74570000 - 0x745b5000 	C:\WINDOWS\System32\SHLWAPI.dll
0x73db0000 - 0x73eec000 	C:\WINDOWS\System32\tmumh\20019\TmMon\2.6.0.2023\tmmon.dll
0x6f3b0000 - 0x6f46f000 	C:\Program Files (x86)\Arduino\java\bin\msvcr100.dll
0x585b0000 - 0x5897e000 	C:\Program Files (x86)\Arduino\java\bin\client\jvm.dll
0x72d40000 - 0x72d48000 	C:\WINDOWS\SYSTEM32\WSOCK32.dll
0x74710000 - 0x74776000 	C:\WINDOWS\System32\WS2_32.dll
0x72e50000 - 0x72e74000 	C:\WINDOWS\SYSTEM32\WINMM.dll
0x73a80000 - 0x73a88000 	C:\WINDOWS\SYSTEM32\VERSION.dll
0x72e20000 - 0x72e43000 	C:\WINDOWS\SYSTEM32\WINMMBASE.dll
0x74780000 - 0x747b8000 	C:\WINDOWS\System32\cfgmgr32.dll
0x6f380000 - 0x6f3b0000 	C:\Program Files (x86)\Arduino\java\bin\splashscreen.dll
0x73d30000 - 0x73da9000 	C:\WINDOWS\system32\uxtheme.dll
0x6f370000 - 0x6f37c000 	C:\Program Files (x86)\Arduino\java\bin\verify.dll
0x74e20000 - 0x74f64000 	C:\WINDOWS\System32\MSCTF.dll
0x76ef0000 - 0x76f83000 	C:\WINDOWS\System32\OLEAUT32.dll
0x6f340000 - 0x6f361000 	C:\Program Files (x86)\Arduino\java\bin\java.dll
0x6f320000 - 0x6f333000 	C:\Program Files (x86)\Arduino\java\bin\zip.dll
0x74930000 - 0x7493e000 	C:\WINDOWS\System32\kernel.appcore.dll
0x62450000 - 0x624c7000 	C:\WINDOWS\System32\TextInputFramework.dll
0x62180000 - 0x623b4000 	C:\WINDOWS\System32\CoreUIComponents.dll
0x747c0000 - 0x74848000 	C:\WINDOWS\System32\SHCORE.dll
0x620f0000 - 0x6217c000 	C:\WINDOWS\System32\CoreMessaging.dll
0x73c90000 - 0x73cb8000 	C:\WINDOWS\SYSTEM32\ntmarta.dll
0x661a0000 - 0x6626b000 	C:\WINDOWS\SYSTEM32\wintypes.dll
0x72fb0000 - 0x72fd3000 	C:\WINDOWS\system32\dwmapi.dll
0x75010000 - 0x76343000 	C:\WINDOWS\System32\SHELL32.dll
0x76790000 - 0x76d56000 	C:\WINDOWS\System32\windows.storage.dll
0x76f90000 - 0x76fd5000 	C:\WINDOWS\System32\powrprof.dll
0x74f70000 - 0x74f84000 	C:\WINDOWS\System32\profapi.dll
0x74940000 - 0x74a37000 	C:\WINDOWS\System32\ole32.dll
0x741f0000 - 0x74272000 	C:\WINDOWS\System32\clbcatq.dll
0x73a90000 - 0x73c0a000 	C:\WINDOWS\SYSTEM32\PROPSYS.dll
0x5a730000 - 0x5a911000 	C:\Windows\System32\IME\IMEJP\imjpapi.dll
0x76d60000 - 0x76ee2000 	C:\WINDOWS\System32\CRYPT32.dll
0x76780000 - 0x7678e000 	C:\WINDOWS\System32\MSASN1.dll
0x73c70000 - 0x73c89000 	C:\WINDOWS\SYSTEM32\bcrypt.dll
0x5a6f0000 - 0x5a72a000 	C:\Windows\System32\IME\shared\imjkapi.dll
0x5a680000 - 0x5a6e9000 	C:\WINDOWS\SYSTEM32\policymanager.dll
0x5a610000 - 0x5a677000 	C:\WINDOWS\SYSTEM32\msvcp110_win.dll
0x5a580000 - 0x5a602000 	C:\Windows\System32\IME\IMEJP\imjppred.dll
0x5a2a0000 - 0x5a2bb000 	C:\Windows\System32\IME\SHARED\imesearchdll.dll
0x61940000 - 0x619b2000 	C:\Program Files (x86)\Arduino\lib\listSerialsj.dll
0x76350000 - 0x76776000 	C:\WINDOWS\System32\SETUPAPI.dll
0x6f300000 - 0x6f31d000 	C:\Program Files (x86)\Arduino\lib\jnidispatch-4.2.2-win32-x86.dll
0x6f2e0000 - 0x6f2f6000 	C:\Program Files (x86)\Arduino\java\bin\net.dll
0x6bee0000 - 0x6bf35000 	C:\WINDOWS\system32\mswsock.dll
0x6f2d0000 - 0x6f2df000 	C:\Program Files (x86)\Arduino\java\bin\nio.dll
0x58460000 - 0x585a5000 	C:\Program Files (x86)\Arduino\java\bin\awt.dll
0x71f30000 - 0x71fca000 	C:\WINDOWS\SYSTEM32\apphelp.dll
0x58f20000 - 0x58f59000 	C:\Program Files (x86)\Arduino\java\bin\fontmanager.dll
0x58380000 - 0x5845f000 	C:\WINDOWS\system32\opengl32.dll
0x63ca0000 - 0x63cc5000 	C:\WINDOWS\SYSTEM32\GLU32.dll
0x58340000 - 0x58372000 	C:\Program Files (x86)\Arduino\java\bin\t2k.dll
0x734f0000 - 0x73520000 	C:\WINDOWS\SYSTEM32\IPHLPAPI.DLL
0x74920000 - 0x74927000 	C:\WINDOWS\System32\NSI.dll
0x739c0000 - 0x739d3000 	C:\WINDOWS\SYSTEM32\dhcpcsvc6.DLL
0x73710000 - 0x73724000 	C:\WINDOWS\SYSTEM32\dhcpcsvc.DLL
0x6be40000 - 0x6bed4000 	C:\WINDOWS\SYSTEM32\DNSAPI.dll
0x6af80000 - 0x6af88000 	C:\Windows\System32\rasadhlp.dll
0x582d0000 - 0x58339000 	C:\Program Files (x86)\Arduino\msvcp100.dll
0x58210000 - 0x582ce000 	C:\Program Files (x86)\Arduino\msvcr100.dll
0x2a4c0000 - 0x2a4f2000 	C:\Program Files (x86)\Arduino\lib\AStylej.dll
0x581e0000 - 0x58204000 	C:\Program Files (x86)\Arduino\java\bin\dcpr.dll
0x71fd0000 - 0x7213e000 	C:\WINDOWS\SYSTEM32\WindowsCodecs.dll
0x6f6b0000 - 0x6f6f8000 	C:\WINDOWS\system32\dataexchange.dll
0x6fd00000 - 0x6ff3e000 	C:\WINDOWS\system32\d3d11.dll
0x6f5b0000 - 0x6f6ae000 	C:\WINDOWS\system32\dcomp.dll
0x6ff40000 - 0x6ffd3000 	C:\WINDOWS\system32\dxgi.dll
0x6f470000 - 0x6f5a4000 	C:\WINDOWS\system32\twinapi.appcore.dll
0x72cf0000 - 0x72d0a000 	C:\WINDOWS\system32\RMCLIENT.dll
0x6af90000 - 0x6afde000 	C:\WINDOWS\System32\fwpuclnt.dll
0x5a920000 - 0x5abaf000 	C:\Windows\System32\IME\IMEJP\imjptip.dll
0x71d10000 - 0x71f2a000 	C:\WINDOWS\SYSTEM32\iertutil.dll
0x730c0000 - 0x73116000 	C:\WINDOWS\SYSTEM32\OLEACC.dll
0x5a460000 - 0x5a574000 	C:\Windows\System32\IME\shared\imetip.dll
0x5a2f0000 - 0x5a45f000 	C:\WINDOWS\SYSTEM32\DUI70.dll
0x5a2c0000 - 0x5a2eb000 	C:\Windows\System32\IME\shared\imecfm.dll
0x6d610000 - 0x6d6b0000 	C:\WINDOWS\SYSTEM32\wer.dll
0x6b8d0000 - 0x6b8f2000 	C:\WINDOWS\SYSTEM32\DEVOBJ.dll
0x02c50000 - 0x02c96000 	C:\WINDOWS\System32\WINTRUST.dll
0x59bd0000 - 0x59bd8000 	C:\Windows\System32\IME\SHARED\imebrokerps.dll
0x59ba0000 - 0x59bcc000 	C:\Windows\System32\mtf.dll
0x64000000 - 0x6401b000 	C:\Program Files (x86)\Arduino\lib\jSSC-2.8_x86.dll
0x73120000 - 0x732a1000 	C:\WINDOWS\SYSTEM32\dbghelp.dll

VM Arguments:
jvm_args: -Dsun.java2d.d3d=false -Djna.nosys=true -Djna.nounpack=true -Djna.boot.library.name=jnidispatch-4.2.2-win32-x86 -Djna.boot.library.path=C:\Program Files (x86)\Arduino/lib -Djssc.library.path=C:\Program Files (x86)\Arduino/lib -DAPP_DIR=C:\Program Files (x86)\Arduino -Xms128M -Xmx512M 
java_command: processing.app.Base C:\Users\yoshitaro kinoshita\Documents\2017meister\2017meister\flyClient\flyClient.ino
java_class_path (initial): C:\Program Files (x86)\Arduino\lib\apple.jar;C:\Program Files (x86)\Arduino\lib\arduino-core.jar;C:\Program Files (x86)\Arduino\lib\batik-1.8.jar;C:\Program Files (x86)\Arduino\lib\batik-anim-1.8.jar;C:\Program Files (x86)\Arduino\lib\batik-awt-util-1.8.jar;C:\Program Files (x86)\Arduino\lib\batik-bridge-1.8.jar;C:\Program Files (x86)\Arduino\lib\batik-codec-1.8.jar;C:\Program Files (x86)\Arduino\lib\batik-css-1.8.jar;C:\Program Files (x86)\Arduino\lib\batik-dom-1.8.jar;C:\Program Files (x86)\Arduino\lib\batik-ext-1.8.jar;C:\Program Files (x86)\Arduino\lib\batik-gvt-1.8.jar;C:\Program Files (x86)\Arduino\lib\batik-parser-1.8.jar;C:\Program Files (x86)\Arduino\lib\batik-rasterizer-1.8.jar;C:\Program Files (x86)\Arduino\lib\batik-script-1.8.jar;C:\Program Files (x86)\Arduino\lib\batik-squiggle-1.8.jar;C:\Program Files (x86)\Arduino\lib\batik-svg-dom-1.8.jar;C:\Program Files (x86)\Arduino\lib\batik-svgpp-1.8.jar;C:\Program Files (x86)\Arduino\lib\batik-transcoder-1.8.jar;C:\Program Files (x86)\Arduino\lib\batik-util-1.8.jar;C:\Program Files (x86)\Arduino\lib\batik-xml-1.8.jar;C:\Program Files (x86)\Arduino\lib\bcpg-jdk15on-152.jar;C:\Program Files (x86)\Arduino\lib\bcprov-jdk15on-152.jar;C:\Program Files (x86)\Arduino\lib\commons-codec-1.7.jar;C:\Program Files (x86)\Arduino\lib\commons-compress-1.8.jar;C:\Program Files (x86)\Arduino\lib\commons-exec-1.1.jar;C:\Program Files (x86)\Arduino\lib\commons-httpclient-3.1.jar;C:\Program Files (x86)\Arduino\lib\commons-lang3-3.3.2.jar;C:\Program Files (x86)\Arduino\lib\commons-logging-1.0.4.jar;C:\Program Files (x86)\Arduino\lib\commons-net-3.3.jar;C:\Program Files (x86)\Arduino\lib\jackson-annotations-2.6.3.jar;C:\Program Files (x86)\Arduino\lib\jackson-core-2.6.3.jar;C:\Program Files (x86)\Arduino\lib\jackson-databind-2.6.3.jar;C:\Program Files (x86)\Arduino\lib\jackson-module-mrbean-2.6.3.jar;C:\Program Files (x86)\Arduino\lib\java-semver-0.8.0.jar;C:\Program Files (x86)\Arduino\lib\jmdns-3.5.1.j
Launcher Type: SUN_STANDARD

Environment Variables:
USERNAME=yoshitaro kinoshita
OS=Windows_NT
PROCESSOR_IDENTIFIER=Intel64 Family 6 Model 42 Stepping 7, GenuineIntel



---------------  S Y S T E M  ---------------

OS: Windows 10.0 , 64 bit Build 16299 (10.0.16299.15)

CPU:total 4 (initial active 4) (2 cores per cpu, 2 threads per core) family 6 model 42 stepping 7, cmov, cx8, fxsr, mmx, sse, sse2, sse3, ssse3, sse4.1, sse4.2, popcnt, avx, aes, clmul, ht, tsc, tscinvbit

Memory: 4k page, physical 4074732k(624036k free), swap 8477108k(1477364k free)

vm_info: Java HotSpot(TM) Client VM (25.144-b01) for windows-x86 JRE (1.8.0_144-b01), built on Jul 21 2017 21:58:05 by "java_re" with MS VC++ 10.0 (VS2010)

time: Thu Mar 08 15:24:26 2018
elapsed time: 10834 seconds (0d 3h 0m 34s)

